2015-02-09 05:56:40 Error: [MissingControllerException] Controller class RequestsController could not be found.
Exception Attributes: array (
  'class' => 'RequestsController',
  'plugin' => NULL,
)
Request URL: /requests/request
Stack Trace:
#0 /Users/SeanArchibeque/Sites/utahshrinkwrap/app/webroot/index.php(118): Dispatcher->dispatch(Object(CakeRequest), Object(CakeResponse))
#1 {main}
2015-02-25 02:40:55 Error: [MissingControllerException] Controller class RequestsController could not be found.
Exception Attributes: array (
  'class' => 'RequestsController',
  'plugin' => NULL,
)
Request URL: /requests/request
Stack Trace:
#0 /Users/SeanArchibeque/Sites/utahshrinkwrap/app/webroot/index.php(118): Dispatcher->dispatch(Object(CakeRequest), Object(CakeResponse))
#1 {main}
2015-02-25 02:42:19 Error: [MissingControllerException] Controller class RequestsController could not be found.
Exception Attributes: array (
  'class' => 'RequestsController',
  'plugin' => NULL,
)
Request URL: /requests/request
Stack Trace:
#0 /Users/SeanArchibeque/Sites/utahshrinkwrap/app/webroot/index.php(118): Dispatcher->dispatch(Object(CakeRequest), Object(CakeResponse))
#1 {main}
2015-02-25 02:44:47 Error: [MissingControllerException] Controller class RequestsController could not be found.
Exception Attributes: array (
  'class' => 'RequestsController',
  'plugin' => NULL,
)
Request URL: /requests/request
Stack Trace:
#0 /Users/SeanArchibeque/Sites/utahshrinkwrap/app/webroot/index.php(118): Dispatcher->dispatch(Object(CakeRequest), Object(CakeResponse))
#1 {main}
2015-02-25 02:45:23 Error: [MissingControllerException] Controller class RequestsController could not be found.
Exception Attributes: array (
  'class' => 'RequestsController',
  'plugin' => NULL,
)
Request URL: /requests/request
Stack Trace:
#0 /Users/SeanArchibeque/Sites/utahshrinkwrap/app/webroot/index.php(118): Dispatcher->dispatch(Object(CakeRequest), Object(CakeResponse))
#1 {main}
2015-02-25 02:47:30 Error: [MissingControllerException] Controller class RequestsController could not be found.
Exception Attributes: array (
  'class' => 'RequestsController',
  'plugin' => NULL,
)
Request URL: /requests/request
Stack Trace:
#0 /Users/SeanArchibeque/Sites/utahshrinkwrap/app/webroot/index.php(118): Dispatcher->dispatch(Object(CakeRequest), Object(CakeResponse))
#1 {main}
2015-02-25 02:48:17 Error: [MissingControllerException] Controller class IndicesController could not be found.
Exception Attributes: array (
  'class' => 'IndicesController',
  'plugin' => NULL,
)
Request URL: /indices
Stack Trace:
#0 /Users/SeanArchibeque/Sites/utahshrinkwrap/app/webroot/index.php(118): Dispatcher->dispatch(Object(CakeRequest), Object(CakeResponse))
#1 {main}
2015-02-25 02:48:58 Error: [MissingControllerException] Controller class IndicesController could not be found.
Exception Attributes: array (
  'class' => 'IndicesController',
  'plugin' => NULL,
)
Request URL: /indices
Stack Trace:
#0 /Users/SeanArchibeque/Sites/utahshrinkwrap/app/webroot/index.php(118): Dispatcher->dispatch(Object(CakeRequest), Object(CakeResponse))
#1 {main}
